28-Feb-2020 11:19:42.292 WARNING [main] org.apache.catalina.startup.SetAllPropertiesRule.begin [SetAllPropertiesRule]{Server/Service/Connector} Setting property 'Server' to '' did not find a matching property.
28-Feb-2020 11:19:42.761 WARNING [main] org.apache.tomcat.util.digester.SetPropertiesRule.begin [SetPropertiesRule]{Server/Service/Engine/Host/Context} Setting property 'source' to 'org.eclipse.jst.jee.server:ItemApp' did not find a matching property.
28-Feb-2020 11:19:42.817 WARNING [main] org.apache.tomcat.util.digester.SetPropertiesRule.begin [SetPropertiesRule]{Server/Service/Engine/Host/Context} Setting property 'source' to 'org.eclipse.jst.jee.server:UserApp' did not find a matching property.
28-Feb-2020 11:19:42.824 WARNING [main] org.apache.tomcat.util.digester.SetPropertiesRule.begin [SetPropertiesRule]{Server/Service/Engine/Host/Context} Setting property 'source' to 'org.eclipse.jst.jee.server:ShoppingApp' did not find a matching property.
28-Feb-2020 11:19:42.824 WARNING [main] org.apache.tomcat.util.digester.SetPropertiesRule.begin [SetPropertiesRule]{Server/Service/Engine/Host/Context} Setting property 'source' to 'org.eclipse.jst.jee.server:WAF' did not find a matching property.
28-Feb-2020 11:19:42.843 INFO [main] org.apache.catalina.startup.VersionLoggerListener.log Server version:        Apache Tomcat/9.0.4
28-Feb-2020 11:19:42.845 INFO [main] org.apache.catalina.startup.VersionLoggerListener.log Server built:          Jan 18 2018 19:42:17 UTC
28-Feb-2020 11:19:42.845 INFO [main] org.apache.catalina.startup.VersionLoggerListener.log Server number:         9.0.4.0
28-Feb-2020 11:19:42.845 INFO [main] org.apache.catalina.startup.VersionLoggerListener.log OS Name:               Windows 10
28-Feb-2020 11:19:42.845 INFO [main] org.apache.catalina.startup.VersionLoggerListener.log OS Version:            10.0
28-Feb-2020 11:19:42.845 INFO [main] org.apache.catalina.startup.VersionLoggerListener.log Architecture:          amd64
28-Feb-2020 11:19:42.857 INFO [main] org.apache.catalina.startup.VersionLoggerListener.log Java Home:             C:\Program Files\Java\jdk-11.0.2
28-Feb-2020 11:19:42.862 INFO [main] org.apache.catalina.startup.VersionLoggerListener.log JVM Version:           11.0.2+9-LTS
28-Feb-2020 11:19:42.863 INFO [main] org.apache.catalina.startup.VersionLoggerListener.log JVM Vendor:            Oracle Corporation
28-Feb-2020 11:19:42.867 INFO [main] org.apache.catalina.startup.VersionLoggerListener.log CATALINA_BASE:         C:\Users\milsL\Downloads\SNI_Dokumenti\SNI Dokumenti\apache-tomcat-9.0.4
28-Feb-2020 11:19:42.875 INFO [main] org.apache.catalina.startup.VersionLoggerListener.log CATALINA_HOME:         C:\Users\milsL\Downloads\SNI_Dokumenti\SNI Dokumenti\apache-tomcat-9.0.4
28-Feb-2020 11:19:42.886 INFO [main] org.apache.catalina.startup.VersionLoggerListener.log Command line argument: --add-opens=java.base/java.lang=ALL-UNNAMED
28-Feb-2020 11:19:42.886 INFO [main] org.apache.catalina.startup.VersionLoggerListener.log Command line argument: --add-opens=java.rmi/sun.rmi.transport=ALL-UNNAMED
28-Feb-2020 11:19:42.894 INFO [main] org.apache.catalina.startup.VersionLoggerListener.log Command line argument: -Djava.util.logging.config.file=C:\Users\milsL\Downloads\SNI_Dokumenti\SNI Dokumenti\apache-tomcat-9.0.4\conf\logging.properties
28-Feb-2020 11:19:42.896 INFO [main] org.apache.catalina.startup.VersionLoggerListener.log Command line argument: -Djava.util.logging.manager=org.apache.juli.ClassLoaderLogManager
28-Feb-2020 11:19:42.896 INFO [main] org.apache.catalina.startup.VersionLoggerListener.log Command line argument: -Djdk.tls.ephemeralDHKeySize=2048
28-Feb-2020 11:19:42.904 INFO [main] org.apache.catalina.startup.VersionLoggerListener.log Command line argument: -Djava.protocol.handler.pkgs=org.apache.catalina.webresources
28-Feb-2020 11:19:42.906 INFO [main] org.apache.catalina.startup.VersionLoggerListener.log Command line argument: -Dignore.endorsed.dirs=
28-Feb-2020 11:19:42.906 INFO [main] org.apache.catalina.startup.VersionLoggerListener.log Command line argument: -Dcatalina.base=C:\Users\milsL\Downloads\SNI_Dokumenti\SNI Dokumenti\apache-tomcat-9.0.4
28-Feb-2020 11:19:42.914 INFO [main] org.apache.catalina.startup.VersionLoggerListener.log Command line argument: -Dcatalina.home=C:\Users\milsL\Downloads\SNI_Dokumenti\SNI Dokumenti\apache-tomcat-9.0.4
28-Feb-2020 11:19:42.916 INFO [main] org.apache.catalina.startup.VersionLoggerListener.log Command line argument: -Djava.io.tmpdir=C:\Users\milsL\Downloads\SNI_Dokumenti\SNI Dokumenti\apache-tomcat-9.0.4\temp
28-Feb-2020 11:19:42.924 INFO [main] org.apache.catalina.core.AprLifecycleListener.lifecycleEvent The APR based Apache Tomcat Native library which allows optimal performance in production environments was not found on the java.library.path: [C:\Program Files\Java\jdk-11.0.2\bin;C:\WINDOWS\Sun\Java\bin;C:\WINDOWS\system32;C:\WINDOWS;C:\Python27\;C:\Python27\Scripts;C:\ProgramData\Boxstarter;C:\python367\Scripts\;C:\python367\;D:\app\milsL\virtual\product\12.2.0\dbhome_1\bin;C:\WINDOWS\system32;C:\WINDOWS;C:\WINDOWS\System32\Wbem;C:\WINDOWS\System32\WindowsPowerShell\v1.0\;C:\Program Files\dotnet\;C:\Program Files\Java\jdk-11.0.2\bin;C:\Program Files\Microsoft SQL Server\130\Tools\Binn\;C:\Program Files\MySQL\MySQL Utilities 1.6\;C:\Program Files\Git\cmd;C:\Program Files\Apache\apache-maven-3.5.3\bin;C:\Program Files\Java\jdk-9.0.4\bin;C:\ProgramData\Oracle\Java\javapath;C:\PostgreSQL\pg10\bin;C:\WINDOWS\System32\OpenSSH\;C:\Program Files\Microsoft SQL Server\Client SDK\ODBC\130\Tools\Binn\;C:\Program Files (x86)\Microsoft SQL Server\140\Tools\Binn\;C:\Program Files\Microsoft SQL Server\140\Tools\Binn\;C:\Program Files\Microsoft SQL Server\140\DTS\Binn\;C:\Program Files\PuTTY\;C:\HashiCorp\Vagrant\bin;C:\Program Files\TortoiseSVN\bin;C:\Program Files\nodejs\;C:\ProgramData\chocolatey\bin;C:\Program Files\Microsoft VS Code\bin;C:\WINDOWS\system32;C:\WINDOWS;C:\WINDOWS\System32\Wbem;C:\WINDOWS\System32\WindowsPowerShell\v1.0\;C:\WINDOWS\System32\OpenSSH\;D:\MATLAB\R2016b\runtime\win64;D:\MATLAB\R2016b\bin;D:\MATLAB\R2016b\polyspace\bin;%JAVA_HOME%\bin;C:\Users\milsL\Downloads\SNI_Dokumenti\SNI Dokumenti\apache-tomcat-9.0.4\bin;C:\Users\milsL\AppData\Local\Microsoft\WindowsApps;C:\Program Files\Apache\apache-maven-3.5.3\bin;C:\Program Files\Java\jdk-11.0.2\bin;C:\Users\milsL\AppData\Local\Microsoft\WindowsApps;C:\Users\milsL\Downloads\SNI_Dokumenti\SNI Dokumenti\apache-tomcat-9.0.4\bin;C:\Program Files\Java\jdk-11.0.2\bin;;.]
28-Feb-2020 11:19:43.264 INFO [main] org.apache.coyote.AbstractProtocol.init Initializing ProtocolHandler ["http-nio-8080"]
28-Feb-2020 11:19:44.316 INFO [main] org.apache.tomcat.util.net.NioSelectorPool.getSharedSelector Using a shared selector for servlet write/read
28-Feb-2020 11:19:44.382 INFO [main] org.apache.coyote.AbstractProtocol.init Initializing ProtocolHandler ["https-jsse-nio-8443"]
28-Feb-2020 11:19:48.502 INFO [main] org.apache.tomcat.util.net.NioSelectorPool.getSharedSelector Using a shared selector for servlet write/read
28-Feb-2020 11:19:48.521 INFO [main] org.apache.coyote.AbstractProtocol.init Initializing ProtocolHandler ["ajp-nio-8009"]
28-Feb-2020 11:19:48.542 INFO [main] org.apache.tomcat.util.net.NioSelectorPool.getSharedSelector Using a shared selector for servlet write/read
28-Feb-2020 11:19:48.552 INFO [main] org.apache.catalina.startup.Catalina.load Initialization processed in 10440 ms
28-Feb-2020 11:19:49.159 INFO [main] org.apache.catalina.core.StandardService.startInternal Starting service [Catalina]
28-Feb-2020 11:19:49.167 INFO [main] org.apache.catalina.core.StandardEngine.startInternal Starting Servlet Engine: Apache Tomcat/9.0.4
28-Feb-2020 11:20:28.292 INFO [main] org.apache.jasper.servlet.TldScanner.scanJars At least one JAR was scanned for TLDs yet contained no TLDs. Enable debug logging for this logger for a complete list of JARs that were scanned but no TLDs were found in them. Skipping unneeded JARs during scanning can improve startup time and JSP compilation time.
28-Feb-2020 11:20:30.737 WARNING [main] org.apache.catalina.util.SessionIdGeneratorBase.createSecureRandom Creation of SecureRandom instance for session ID generation using [SHA1PRNG] took [1,780] milliseconds.
28-Feb-2020 11:21:18.617 INFO [main] org.apache.jasper.servlet.TldScanner.scanJars At least one JAR was scanned for TLDs yet contained no TLDs. Enable debug logging for this logger for a complete list of JARs that were scanned but no TLDs were found in them. Skipping unneeded JARs during scanning can improve startup time and JSP compilation time.
28-Feb-2020 11:21:56.361 INFO [main] org.apache.jasper.servlet.TldScanner.scanJars At least one JAR was scanned for TLDs yet contained no TLDs. Enable debug logging for this logger for a complete list of JARs that were scanned but no TLDs were found in them. Skipping unneeded JARs during scanning can improve startup time and JSP compilation time.
28-Feb-2020 11:22:25.141 INFO [main] org.apache.jasper.servlet.TldScanner.scanJars At least one JAR was scanned for TLDs yet contained no TLDs. Enable debug logging for this logger for a complete list of JARs that were scanned but no TLDs were found in them. Skipping unneeded JARs during scanning can improve startup time and JSP compilation time.
28-Feb-2020 11:22:25.496 INFO [main] org.apache.catalina.startup.HostConfig.deployWAR Deploying web application archive [C:\Users\milsL\Downloads\SNI_Dokumenti\SNI Dokumenti\apache-tomcat-9.0.4\webapps\cas.war]
28-Feb-2020 11:23:33.883 INFO [main] org.apache.jasper.servlet.TldScanner.scanJars At least one JAR was scanned for TLDs yet contained no TLDs. Enable debug logging for this logger for a complete list of JARs that were scanned but no TLDs were found in them. Skipping unneeded JARs during scanning can improve startup time and JSP compilation time.
28-Feb-2020 11:24:26.567 INFO [main] org.apache.catalina.startup.HostConfig.deployWAR Deployment of web application archive [C:\Users\milsL\Downloads\SNI_Dokumenti\SNI Dokumenti\apache-tomcat-9.0.4\webapps\cas.war] has finished in [121,071] ms
28-Feb-2020 11:24:26.577 INFO [main] org.apache.catalina.startup.HostConfig.deployDirectory Deploying web application directory [C:\Users\milsL\Downloads\SNI_Dokumenti\SNI Dokumenti\apache-tomcat-9.0.4\webapps\ROOT]
28-Feb-2020 11:24:32.887 INFO [main] org.apache.jasper.servlet.TldScanner.scanJars At least one JAR was scanned for TLDs yet contained no TLDs. Enable debug logging for this logger for a complete list of JARs that were scanned but no TLDs were found in them. Skipping unneeded JARs during scanning can improve startup time and JSP compilation time.
28-Feb-2020 11:24:32.917 INFO [main] org.apache.catalina.startup.HostConfig.deployDirectory Deployment of web application directory [C:\Users\milsL\Downloads\SNI_Dokumenti\SNI Dokumenti\apache-tomcat-9.0.4\webapps\ROOT] has finished in [6,340] ms
28-Feb-2020 11:24:32.938 INFO [main] org.apache.coyote.AbstractProtocol.start Starting ProtocolHandler ["http-nio-8080"]
28-Feb-2020 11:24:32.999 INFO [main] org.apache.coyote.AbstractProtocol.start Starting ProtocolHandler ["https-jsse-nio-8443"]
28-Feb-2020 11:24:33.029 INFO [main] org.apache.coyote.AbstractProtocol.start Starting ProtocolHandler ["ajp-nio-8009"]
28-Feb-2020 11:24:33.068 INFO [main] org.apache.catalina.startup.Catalina.start Server startup in 284511 ms
28-Feb-2020 12:13:43.221 WARNING [main] org.apache.catalina.startup.SetAllPropertiesRule.begin [SetAllPropertiesRule]{Server/Service/Connector} Setting property 'Server' to '' did not find a matching property.
28-Feb-2020 12:13:43.913 WARNING [main] org.apache.tomcat.util.digester.SetPropertiesRule.begin [SetPropertiesRule]{Server/Service/Engine/Host/Context} Setting property 'source' to 'org.eclipse.jst.jee.server:ItemApp' did not find a matching property.
28-Feb-2020 12:13:43.981 WARNING [main] org.apache.tomcat.util.digester.SetPropertiesRule.begin [SetPropertiesRule]{Server/Service/Engine/Host/Context} Setting property 'source' to 'org.eclipse.jst.jee.server:UserApp' did not find a matching property.
28-Feb-2020 12:13:43.990 WARNING [main] org.apache.tomcat.util.digester.SetPropertiesRule.begin [SetPropertiesRule]{Server/Service/Engine/Host/Context} Setting property 'source' to 'org.eclipse.jst.jee.server:ShoppingApp' did not find a matching property.
28-Feb-2020 12:13:43.995 WARNING [main] org.apache.tomcat.util.digester.SetPropertiesRule.begin [SetPropertiesRule]{Server/Service/Engine/Host/Context} Setting property 'source' to 'org.eclipse.jst.jee.server:WAF' did not find a matching property.
28-Feb-2020 12:13:44.014 INFO [main] org.apache.catalina.startup.VersionLoggerListener.log Server version:        Apache Tomcat/9.0.4
28-Feb-2020 12:13:44.023 INFO [main] org.apache.catalina.startup.VersionLoggerListener.log Server built:          Jan 18 2018 19:42:17 UTC
28-Feb-2020 12:13:44.024 INFO [main] org.apache.catalina.startup.VersionLoggerListener.log Server number:         9.0.4.0
28-Feb-2020 12:13:44.026 INFO [main] org.apache.catalina.startup.VersionLoggerListener.log OS Name:               Windows 10
28-Feb-2020 12:13:44.035 INFO [main] org.apache.catalina.startup.VersionLoggerListener.log OS Version:            10.0
28-Feb-2020 12:13:44.038 INFO [main] org.apache.catalina.startup.VersionLoggerListener.log Architecture:          amd64
28-Feb-2020 12:13:44.040 INFO [main] org.apache.catalina.startup.VersionLoggerListener.log Java Home:             C:\Program Files\Java\jdk-11.0.2
28-Feb-2020 12:13:44.042 INFO [main] org.apache.catalina.startup.VersionLoggerListener.log JVM Version:           11.0.2+9-LTS
28-Feb-2020 12:13:44.049 INFO [main] org.apache.catalina.startup.VersionLoggerListener.log JVM Vendor:            Oracle Corporation
28-Feb-2020 12:13:44.051 INFO [main] org.apache.catalina.startup.VersionLoggerListener.log CATALINA_BASE:         C:\Users\milsL\Downloads\SNI_Dokumenti\SNI Dokumenti\apache-tomcat-9.0.4
28-Feb-2020 12:13:44.058 INFO [main] org.apache.catalina.startup.VersionLoggerListener.log CATALINA_HOME:         C:\Users\milsL\Downloads\SNI_Dokumenti\SNI Dokumenti\apache-tomcat-9.0.4
28-Feb-2020 12:13:44.066 INFO [main] org.apache.catalina.startup.VersionLoggerListener.log Command line argument: --add-opens=java.base/java.lang=ALL-UNNAMED
28-Feb-2020 12:13:44.067 INFO [main] org.apache.catalina.startup.VersionLoggerListener.log Command line argument: --add-opens=java.rmi/sun.rmi.transport=ALL-UNNAMED
28-Feb-2020 12:13:44.069 INFO [main] org.apache.catalina.startup.VersionLoggerListener.log Command line argument: -Djava.util.logging.config.file=C:\Users\milsL\Downloads\SNI_Dokumenti\SNI Dokumenti\apache-tomcat-9.0.4\conf\logging.properties
28-Feb-2020 12:13:44.072 INFO [main] org.apache.catalina.startup.VersionLoggerListener.log Command line argument: -Djava.util.logging.manager=org.apache.juli.ClassLoaderLogManager
28-Feb-2020 12:13:44.085 INFO [main] org.apache.catalina.startup.VersionLoggerListener.log Command line argument: -Djdk.tls.ephemeralDHKeySize=2048
28-Feb-2020 12:13:44.089 INFO [main] org.apache.catalina.startup.VersionLoggerListener.log Command line argument: -Djava.protocol.handler.pkgs=org.apache.catalina.webresources
28-Feb-2020 12:13:44.091 INFO [main] org.apache.catalina.startup.VersionLoggerListener.log Command line argument: -Dignore.endorsed.dirs=
28-Feb-2020 12:13:44.094 INFO [main] org.apache.catalina.startup.VersionLoggerListener.log Command line argument: -Dcatalina.base=C:\Users\milsL\Downloads\SNI_Dokumenti\SNI Dokumenti\apache-tomcat-9.0.4
28-Feb-2020 12:13:44.096 INFO [main] org.apache.catalina.startup.VersionLoggerListener.log Command line argument: -Dcatalina.home=C:\Users\milsL\Downloads\SNI_Dokumenti\SNI Dokumenti\apache-tomcat-9.0.4
28-Feb-2020 12:13:44.098 INFO [main] org.apache.catalina.startup.VersionLoggerListener.log Command line argument: -Djava.io.tmpdir=C:\Users\milsL\Downloads\SNI_Dokumenti\SNI Dokumenti\apache-tomcat-9.0.4\temp
28-Feb-2020 12:13:44.109 INFO [main] org.apache.catalina.core.AprLifecycleListener.lifecycleEvent The APR based Apache Tomcat Native library which allows optimal performance in production environments was not found on the java.library.path: [C:\Program Files\Java\jdk-11.0.2\bin;C:\WINDOWS\Sun\Java\bin;C:\WINDOWS\system32;C:\WINDOWS;C:\Python27\;C:\Python27\Scripts;C:\ProgramData\Boxstarter;C:\python367\Scripts\;C:\python367\;D:\app\milsL\virtual\product\12.2.0\dbhome_1\bin;C:\WINDOWS\system32;C:\WINDOWS;C:\WINDOWS\System32\Wbem;C:\WINDOWS\System32\WindowsPowerShell\v1.0\;C:\Program Files\dotnet\;C:\Program Files\Java\jdk-11.0.2\bin;C:\Program Files\Microsoft SQL Server\130\Tools\Binn\;C:\Program Files\MySQL\MySQL Utilities 1.6\;C:\Program Files\Git\cmd;C:\Program Files\Apache\apache-maven-3.5.3\bin;C:\Program Files\Java\jdk-9.0.4\bin;C:\ProgramData\Oracle\Java\javapath;C:\PostgreSQL\pg10\bin;C:\WINDOWS\System32\OpenSSH\;C:\Program Files\Microsoft SQL Server\Client SDK\ODBC\130\Tools\Binn\;C:\Program Files (x86)\Microsoft SQL Server\140\Tools\Binn\;C:\Program Files\Microsoft SQL Server\140\Tools\Binn\;C:\Program Files\Microsoft SQL Server\140\DTS\Binn\;C:\Program Files\PuTTY\;C:\HashiCorp\Vagrant\bin;C:\Program Files\TortoiseSVN\bin;C:\Program Files\nodejs\;C:\ProgramData\chocolatey\bin;C:\Program Files\Microsoft VS Code\bin;C:\WINDOWS\system32;C:\WINDOWS;C:\WINDOWS\System32\Wbem;C:\WINDOWS\System32\WindowsPowerShell\v1.0\;C:\WINDOWS\System32\OpenSSH\;D:\MATLAB\R2016b\runtime\win64;D:\MATLAB\R2016b\bin;D:\MATLAB\R2016b\polyspace\bin;%JAVA_HOME%\bin;C:\Users\milsL\Downloads\SNI_Dokumenti\SNI Dokumenti\apache-tomcat-9.0.4\bin;C:\Users\milsL\AppData\Local\Microsoft\WindowsApps;C:\Program Files\Apache\apache-maven-3.5.3\bin;C:\Program Files\Java\jdk-11.0.2\bin;C:\Users\milsL\AppData\Local\Microsoft\WindowsApps;C:\Users\milsL\Downloads\SNI_Dokumenti\SNI Dokumenti\apache-tomcat-9.0.4\bin;C:\Program Files\Java\jdk-11.0.2\bin;;.]
28-Feb-2020 12:13:44.491 INFO [main] org.apache.coyote.AbstractProtocol.init Initializing ProtocolHandler ["http-nio-8080"]
28-Feb-2020 12:13:45.773 INFO [main] org.apache.tomcat.util.net.NioSelectorPool.getSharedSelector Using a shared selector for servlet write/read
28-Feb-2020 12:13:45.836 INFO [main] org.apache.coyote.AbstractProtocol.init Initializing ProtocolHandler ["https-jsse-nio-8443"]
28-Feb-2020 12:13:51.712 INFO [main] org.apache.tomcat.util.net.NioSelectorPool.getSharedSelector Using a shared selector for servlet write/read
28-Feb-2020 12:13:51.737 INFO [main] org.apache.coyote.AbstractProtocol.init Initializing ProtocolHandler ["ajp-nio-8009"]
28-Feb-2020 12:13:51.755 INFO [main] org.apache.tomcat.util.net.NioSelectorPool.getSharedSelector Using a shared selector for servlet write/read
28-Feb-2020 12:13:51.759 INFO [main] org.apache.catalina.startup.Catalina.load Initialization processed in 15966 ms
28-Feb-2020 12:13:52.663 INFO [main] org.apache.catalina.core.StandardService.startInternal Starting service [Catalina]
28-Feb-2020 12:13:52.673 INFO [main] org.apache.catalina.core.StandardEngine.startInternal Starting Servlet Engine: Apache Tomcat/9.0.4
28-Feb-2020 12:14:15.239 INFO [main] org.apache.jasper.servlet.TldScanner.scanJars At least one JAR was scanned for TLDs yet contained no TLDs. Enable debug logging for this logger for a complete list of JARs that were scanned but no TLDs were found in them. Skipping unneeded JARs during scanning can improve startup time and JSP compilation time.
28-Feb-2020 12:14:16.743 WARNING [main] org.apache.catalina.util.SessionIdGeneratorBase.createSecureRandom Creation of SecureRandom instance for session ID generation using [SHA1PRNG] took [1,225] milliseconds.
28-Feb-2020 12:14:35.597 INFO [main] org.apache.jasper.servlet.TldScanner.scanJars At least one JAR was scanned for TLDs yet contained no TLDs. Enable debug logging for this logger for a complete list of JARs that were scanned but no TLDs were found in them. Skipping unneeded JARs during scanning can improve startup time and JSP compilation time.
28-Feb-2020 12:14:48.991 INFO [main] org.apache.jasper.servlet.TldScanner.scanJars At least one JAR was scanned for TLDs yet contained no TLDs. Enable debug logging for this logger for a complete list of JARs that were scanned but no TLDs were found in them. Skipping unneeded JARs during scanning can improve startup time and JSP compilation time.
28-Feb-2020 12:15:03.046 INFO [main] org.apache.jasper.servlet.TldScanner.scanJars At least one JAR was scanned for TLDs yet contained no TLDs. Enable debug logging for this logger for a complete list of JARs that were scanned but no TLDs were found in them. Skipping unneeded JARs during scanning can improve startup time and JSP compilation time.
28-Feb-2020 12:15:03.381 INFO [main] org.apache.catalina.startup.HostConfig.deployWAR Deploying web application archive [C:\Users\milsL\Downloads\SNI_Dokumenti\SNI Dokumenti\apache-tomcat-9.0.4\webapps\cas.war]
28-Feb-2020 12:15:31.039 INFO [main] org.apache.jasper.servlet.TldScanner.scanJars At least one JAR was scanned for TLDs yet contained no TLDs. Enable debug logging for this logger for a complete list of JARs that were scanned but no TLDs were found in them. Skipping unneeded JARs during scanning can improve startup time and JSP compilation time.
28-Feb-2020 12:16:22.873 INFO [main] org.apache.catalina.startup.HostConfig.deployWAR Deployment of web application archive [C:\Users\milsL\Downloads\SNI_Dokumenti\SNI Dokumenti\apache-tomcat-9.0.4\webapps\cas.war] has finished in [79,446] ms
28-Feb-2020 12:16:22.935 INFO [main] org.apache.catalina.startup.HostConfig.deployDirectory Deploying web application directory [C:\Users\milsL\Downloads\SNI_Dokumenti\SNI Dokumenti\apache-tomcat-9.0.4\webapps\ROOT]
28-Feb-2020 12:16:30.236 INFO [main] org.apache.jasper.servlet.TldScanner.scanJars At least one JAR was scanned for TLDs yet contained no TLDs. Enable debug logging for this logger for a complete list of JARs that were scanned but no TLDs were found in them. Skipping unneeded JARs during scanning can improve startup time and JSP compilation time.
28-Feb-2020 12:16:30.313 INFO [main] org.apache.catalina.startup.HostConfig.deployDirectory Deployment of web application directory [C:\Users\milsL\Downloads\SNI_Dokumenti\SNI Dokumenti\apache-tomcat-9.0.4\webapps\ROOT] has finished in [7,378] ms
28-Feb-2020 12:16:30.337 INFO [main] org.apache.coyote.AbstractProtocol.start Starting ProtocolHandler ["http-nio-8080"]
28-Feb-2020 12:16:30.425 INFO [main] org.apache.coyote.AbstractProtocol.start Starting ProtocolHandler ["https-jsse-nio-8443"]
28-Feb-2020 12:16:30.453 INFO [main] org.apache.coyote.AbstractProtocol.start Starting ProtocolHandler ["ajp-nio-8009"]
28-Feb-2020 12:16:30.549 INFO [main] org.apache.catalina.startup.Catalina.start Server startup in 158785 ms
